# JRE version: OpenJDK Runtime Environment (21.0.6) (build 21.0.6+-13355223-b631.42)
# Java VM: OpenJDK 64-Bit Server VM (21.0.6+-13355223-b631.42, mixed mode, tiered, compressed oops, compressed class ptrs, g1 gc, windows-amd64)
GC Precious Log:
 CardTable entry size: 512
 Card Set container configuration: InlinePtr #cards 5 size 8 Array Of Cards #cards 12 size 40 Howl #buckets 4 coarsen threshold 1843 Howl Bitmap #cards 512 size 80 coarsen threshold 460 Card regions per heap region 1 cards per card region 2048
 CPUs: 4 total, 4 available
 Memory: 7549M
 Large Page Support: Disabled
 NUMA Support: Disabled
 Compressed Oops: Enabled (32-bit)
 Heap Region Size: 1M
 Heap Min Capacity: 8M
 Heap Initial Capacity: 118M
 Heap Max Capacity: 2G
 Pre-touch: Disabled
 Parallel Workers: 4
 Concurrent Workers: 1
 Concurrent Refinement Workers: 4
 Periodic GC: Disabled
Heap:
 garbage-first heap   total 252928K, used 180610K [0x0000000080000000, 0x0000000100000000)
  region size 1024K, 12 young (12288K), 2 survivors (2048K)
 Metaspace       used 135687K, committed 138176K, reserved 1179648K
  class space    used 17448K, committed 18688K, reserved 1048576K
GC Heap History (20 events):
Event: 10.164 GC heap before
{Heap before GC invocations=34 (full 0):
 garbage-first heap   total 178176K, used 174092K [0x0000000080000000, 0x0000000100000000)
  region size 1024K, 74 young (75776K), 6 survivors (6144K)
 Metaspace       used 89617K, committed 91584K, reserved 1179648K
  class space    used 12385K, committed 13376K, reserved 1048576K
}
Event: 10.193 GC heap after
{Heap after GC invocations=35 (full 0):
 garbage-first heap   total 202752K, used 114612K [0x0000000080000000, 0x0000000100000000)
  region size 1024K, 10 young (10240K), 10 survivors (10240K)
 Metaspace       used 89617K, committed 91584K, reserved 1179648K
  class space    used 12385K, committed 13376K, reserved 1048576K
}
Event: 10.611 GC heap before
{Heap before GC invocations=35 (full 0):
 garbage-first heap   total 202752K, used 180148K [0x0000000080000000, 0x0000000100000000)
  region size 1024K, 70 young (71680K), 10 survivors (10240K)
 Metaspace       used 93440K, committed 95424K, reserved 1179648K
  class space    used 12851K, committed 13824K, reserved 1048576K
}
Event: 10.630 GC heap after
{Heap after GC invocations=36 (full 0):
 garbage-first heap   total 202752K, used 123904K [0x0000000080000000, 0x0000000100000000)
  region size 1024K, 9 young (9216K), 9 survivors (9216K)
 Metaspace       used 93440K, committed 95424K, reserved 1179648K
  class space    used 12851K, committed 13824K, reserved 1048576K
}
Event: 10.660 GC heap before
{Heap before GC invocations=36 (full 0):
 garbage-first heap   total 202752K, used 125952K [0x0000000080000000, 0x0000000100000000)
  region size 1024K, 12 young (12288K), 9 survivors (9216K)
 Metaspace       used 93811K, committed 95808K, reserved 1179648K
  class space    used 12895K, committed 13888K, reserved 1048576K
}
Event: 10.667 GC heap after
{Heap after GC invocations=37 (full 0):
 garbage-first heap   total 202752K, used 125996K [0x0000000080000000, 0x0000000100000000)
  region size 1024K, 2 young (2048K), 2 survivors (2048K)
 Metaspace       used 93811K, committed 95808K, reserved 1179648K
  class space    used 12895K, committed 13888K, reserved 1048576K
}
Event: 11.249 GC heap before
{Heap before GC invocations=38 (full 0):
 garbage-first heap   total 237568K, used 196652K [0x0000000080000000, 0x0000000100000000)
  region size 1024K, 56 young (57344K), 2 survivors (2048K)
 Metaspace       used 98340K, committed 100288K, reserved 1179648K
  class space    used 13303K, committed 14272K, reserved 1048576K
}
Event: 11.255 GC heap after
{Heap after GC invocations=39 (full 0):
 garbage-first heap   total 237568K, used 144989K [0x0000000080000000, 0x0000000100000000)
  region size 1024K, 7 young (7168K), 7 survivors (7168K)
 Metaspace       used 98340K, committed 100288K, reserved 1179648K
  class space    used 13303K, committed 14272K, reserved 1048576K
}
Event: 11.950 GC heap before
{Heap before GC invocations=39 (full 0):
 garbage-first heap   total 237568K, used 212573K [0x0000000080000000, 0x0000000100000000)
  region size 1024K, 73 young (74752K), 7 survivors (7168K)
 Metaspace       used 107105K, committed 109440K, reserved 1179648K
  class space    used 14383K, committed 15552K, reserved 1048576K
}
Event: 11.958 GC heap after
{Heap after GC invocations=40 (full 0):
 garbage-first heap   total 237568K, used 147404K [0x0000000080000000, 0x0000000100000000)
  region size 1024K, 4 young (4096K), 4 survivors (4096K)
 Metaspace       used 107105K, committed 109440K, reserved 1179648K
  class space    used 14383K, committed 15552K, reserved 1048576K
}
Event: 12.428 GC heap before
{Heap before GC invocations=40 (full 0):
 garbage-first heap   total 237568K, used 184268K [0x0000000080000000, 0x0000000100000000)
  region size 1024K, 41 young (41984K), 4 survivors (4096K)
 Metaspace       used 112033K, committed 114432K, reserved 1179648K
  class space    used 14992K, committed 16192K, reserved 1048576K
}
Event: 12.435 GC heap after
{Heap after GC invocations=41 (full 0):
 garbage-first heap   total 237568K, used 149530K [0x0000000080000000, 0x0000000100000000)
  region size 1024K, 7 young (7168K), 7 survivors (7168K)
 Metaspace       used 112033K, committed 114432K, reserved 1179648K
  class space    used 14992K, committed 16192K, reserved 1048576K
}
Event: 13.122 GC heap before
{Heap before GC invocations=42 (full 0):
 garbage-first heap   total 252928K, used 217114K [0x0000000080000000, 0x0000000100000000)
  region size 1024K, 72 young (73728K), 7 survivors (7168K)
 Metaspace       used 115577K, committed 117952K, reserved 1179648K
  class space    used 15381K, committed 16576K, reserved 1048576K
}
Event: 13.132 GC heap after
{Heap after GC invocations=43 (full 0):
 garbage-first heap   total 252928K, used 153421K [0x0000000080000000, 0x0000000100000000)
  region size 1024K, 6 young (6144K), 6 survivors (6144K)
 Metaspace       used 115577K, committed 117952K, reserved 1179648K
  class space    used 15381K, committed 16576K, reserved 1048576K
}
Event: 14.045 GC heap before
{Heap before GC invocations=43 (full 0):
 garbage-first heap   total 252928K, used 230221K [0x0000000080000000, 0x0000000100000000)
  region size 1024K, 81 young (82944K), 6 survivors (6144K)
 Metaspace       used 125798K, committed 128192K, reserved 1179648K
  class space    used 16476K, committed 17664K, reserved 1048576K
}
Event: 14.055 GC heap after
{Heap after GC invocations=44 (full 0):
 garbage-first heap   total 252928K, used 158585K [0x0000000080000000, 0x0000000100000000)
  region size 1024K, 11 young (11264K), 11 survivors (11264K)
 Metaspace       used 125798K, committed 128192K, reserved 1179648K
  class space    used 16476K, committed 17664K, reserved 1048576K
}
Event: 14.994 GC heap before
{Heap before GC invocations=44 (full 0):
 garbage-first heap   total 252928K, used 233337K [0x0000000080000000, 0x0000000100000000)
  region size 1024K, 79 young (80896K), 11 survivors (11264K)
 Metaspace       used 134827K, committed 137280K, reserved 1179648K
  class space    used 17350K, committed 18560K, reserved 1048576K
}
Event: 15.005 GC heap after
{Heap after GC invocations=45 (full 0):
 garbage-first heap   total 252928K, used 168960K [0x0000000080000000, 0x0000000100000000)
  region size 1024K, 10 young (10240K), 10 survivors (10240K)
 Metaspace       used 134827K, committed 137280K, reserved 1179648K
  class space    used 17350K, committed 18560K, reserved 1048576K
}
Event: 15.019 GC heap before
{Heap before GC invocations=45 (full 0):
 garbage-first heap   total 252928K, used 169984K [0x0000000080000000, 0x0000000100000000)
  region size 1024K, 12 young (12288K), 10 survivors (10240K)
 Metaspace       used 134896K, committed 137344K, reserved 1179648K
  class space    used 17353K, committed 18560K, reserved 1048576K
}
Event: 15.023 GC heap after
{Heap after GC invocations=46 (full 0):
 garbage-first heap   total 252928K, used 170370K [0x0000000080000000, 0x0000000100000000)
  region size 1024K, 2 young (2048K), 2 survivors (2048K)
 Metaspace       used 134896K, committed 137344K, reserved 1179648K
  class space    used 17353K, committed 18560K, reserved 1048576K
}

