# JRE version: OpenJDK Runtime Environment (21.0.6) (build 21.0.6+-13355223-b631.42)
# Java VM: OpenJDK 64-Bit Server VM (21.0.6+-13355223-b631.42, mixed mode, tiered, compressed oops, compressed class ptrs, g1 gc, windows-amd64)
GC Precious Log:
 CardTable entry size: 512
 Card Set container configuration: InlinePtr #cards 5 size 8 Array Of Cards #cards 12 size 40 Howl #buckets 4 coarsen threshold 1843 Howl Bitmap #cards 512 size 80 coarsen threshold 460 Card regions per heap region 1 cards per card region 2048
 CPUs: 4 total, 4 available
 Memory: 7549M
 Large Page Support: Disabled
 NUMA Support: Disabled
 Compressed Oops: Enabled (32-bit)
 Heap Region Size: 1M
 Heap Min Capacity: 8M
 Heap Initial Capacity: 118M
 Heap Max Capacity: 2G
 Pre-touch: Disabled
 Parallel Workers: 4
 Concurrent Workers: 1
 Concurrent Refinement Workers: 4
 Periodic GC: Disabled
Heap:
 garbage-first heap   total 171008K, used 108419K [0x0000000080000000, 0x0000000100000000)
  region size 1024K, 9 young (9216K), 2 survivors (2048K)
 Metaspace       used 73647K, committed 75584K, reserved 1114112K
  class space    used 9968K, committed 10944K, reserved 1048576K
GC Heap History (20 events):
Event: 8.203 GC heap before
{Heap before GC invocations=21 (full 0):
 garbage-first heap   total 111616K, used 96912K [0x0000000080000000, 0x0000000100000000)
  region size 1024K, 25 young (25600K), 2 survivors (2048K)
 Metaspace       used 59070K, committed 60672K, reserved 1114112K
  class space    used 7889K, committed 8640K, reserved 1048576K
}
Event: 8.207 GC heap after
{Heap after GC invocations=22 (full 0):
 garbage-first heap   total 111616K, used 75524K [0x0000000080000000, 0x0000000100000000)
  region size 1024K, 4 young (4096K), 4 survivors (4096K)
 Metaspace       used 59070K, committed 60672K, reserved 1114112K
  class space    used 7889K, committed 8640K, reserved 1048576K
}
Event: 8.425 GC heap before
{Heap before GC invocations=22 (full 0):
 garbage-first heap   total 111616K, used 100100K [0x0000000080000000, 0x0000000100000000)
  region size 1024K, 28 young (28672K), 4 survivors (4096K)
 Metaspace       used 59741K, committed 61312K, reserved 1114112K
  class space    used 8008K, committed 8768K, reserved 1048576K
}
Event: 8.428 GC heap after
{Heap after GC invocations=23 (full 0):
 garbage-first heap   total 111616K, used 76593K [0x0000000080000000, 0x0000000100000000)
  region size 1024K, 1 young (1024K), 1 survivors (1024K)
 Metaspace       used 59741K, committed 61312K, reserved 1114112K
  class space    used 8008K, committed 8768K, reserved 1048576K
}
Event: 8.719 GC heap before
{Heap before GC invocations=23 (full 0):
 garbage-first heap   total 111616K, used 101169K [0x0000000080000000, 0x0000000100000000)
  region size 1024K, 25 young (25600K), 1 survivors (1024K)
 Metaspace       used 63133K, committed 64704K, reserved 1114112K
  class space    used 8456K, committed 9216K, reserved 1048576K
}
Event: 8.721 GC heap after
{Heap after GC invocations=24 (full 0):
 garbage-first heap   total 111616K, used 77283K [0x0000000080000000, 0x0000000100000000)
  region size 1024K, 2 young (2048K), 2 survivors (2048K)
 Metaspace       used 63133K, committed 64704K, reserved 1114112K
  class space    used 8456K, committed 9216K, reserved 1048576K
}
Event: 9.288 GC heap before
{Heap before GC invocations=25 (full 0):
 garbage-first heap   total 132096K, used 99811K [0x0000000080000000, 0x0000000100000000)
  region size 1024K, 25 young (25600K), 2 survivors (2048K)
 Metaspace       used 66476K, committed 68160K, reserved 1114112K
  class space    used 8963K, committed 9792K, reserved 1048576K
}
Event: 9.292 GC heap after
{Heap after GC invocations=26 (full 0):
 garbage-first heap   total 132096K, used 78426K [0x0000000080000000, 0x0000000100000000)
  region size 1024K, 3 young (3072K), 3 survivors (3072K)
 Metaspace       used 66476K, committed 68160K, reserved 1114112K
  class space    used 8963K, committed 9792K, reserved 1048576K
}
Event: 9.905 GC heap before
{Heap before GC invocations=26 (full 0):
 garbage-first heap   total 132096K, used 115290K [0x0000000080000000, 0x0000000100000000)
  region size 1024K, 40 young (40960K), 3 survivors (3072K)
 Metaspace       used 70424K, committed 72256K, reserved 1114112K
  class space    used 9613K, committed 10560K, reserved 1048576K
}
Event: 9.911 GC heap after
{Heap after GC invocations=27 (full 0):
 garbage-first heap   total 132096K, used 79890K [0x0000000080000000, 0x0000000100000000)
  region size 1024K, 5 young (5120K), 5 survivors (5120K)
 Metaspace       used 70424K, committed 72256K, reserved 1114112K
  class space    used 9613K, committed 10560K, reserved 1048576K
}
Event: 11.087 GC heap before
{Heap before GC invocations=27 (full 0):
 garbage-first heap   total 132096K, used 116754K [0x0000000080000000, 0x0000000100000000)
  region size 1024K, 42 young (43008K), 5 survivors (5120K)
 Metaspace       used 72913K, committed 74816K, reserved 1114112K
  class space    used 9926K, committed 10880K, reserved 1048576K
}
Event: 11.103 GC heap after
{Heap after GC invocations=28 (full 0):
 garbage-first heap   total 132096K, used 84500K [0x0000000080000000, 0x0000000100000000)
  region size 1024K, 6 young (6144K), 6 survivors (6144K)
 Metaspace       used 72913K, committed 74816K, reserved 1114112K
  class space    used 9926K, committed 10880K, reserved 1048576K
}
Event: 11.529 GC heap before
{Heap before GC invocations=29 (full 0):
 garbage-first heap   total 142336K, used 116244K [0x0000000080000000, 0x0000000100000000)
  region size 1024K, 38 young (38912K), 6 survivors (6144K)
 Metaspace       used 73204K, committed 75072K, reserved 1114112K
  class space    used 9926K, committed 10880K, reserved 1048576K
}
Event: 11.536 GC heap after
{Heap after GC invocations=30 (full 0):
 garbage-first heap   total 142336K, used 87864K [0x0000000080000000, 0x0000000100000000)
  region size 1024K, 4 young (4096K), 4 survivors (4096K)
 Metaspace       used 73204K, committed 75072K, reserved 1114112K
  class space    used 9926K, committed 10880K, reserved 1048576K
}
Event: 11.837 GC heap before
{Heap before GC invocations=30 (full 0):
 garbage-first heap   total 142336K, used 126776K [0x0000000080000000, 0x0000000100000000)
  region size 1024K, 43 young (44032K), 4 survivors (4096K)
 Metaspace       used 73286K, committed 75200K, reserved 1114112K
  class space    used 9926K, committed 10880K, reserved 1048576K
}
Event: 11.843 GC heap after
{Heap after GC invocations=31 (full 0):
 garbage-first heap   total 171008K, used 88053K [0x0000000080000000, 0x0000000100000000)
  region size 1024K, 4 young (4096K), 4 survivors (4096K)
 Metaspace       used 73286K, committed 75200K, reserved 1114112K
  class space    used 9926K, committed 10880K, reserved 1048576K
}
Event: 12.227 GC heap before
{Heap before GC invocations=31 (full 0):
 garbage-first heap   total 171008K, used 149493K [0x0000000080000000, 0x0000000100000000)
  region size 1024K, 63 young (64512K), 4 survivors (4096K)
 Metaspace       used 73492K, committed 75392K, reserved 1114112K
  class space    used 9947K, committed 10880K, reserved 1048576K
}
Event: 12.232 GC heap after
{Heap after GC invocations=32 (full 0):
 garbage-first heap   total 171008K, used 92738K [0x0000000080000000, 0x0000000100000000)
  region size 1024K, 7 young (7168K), 7 survivors (7168K)
 Metaspace       used 73492K, committed 75392K, reserved 1114112K
  class space    used 9947K, committed 10880K, reserved 1048576K
}
Event: 12.248 GC heap before
{Heap before GC invocations=32 (full 0):
 garbage-first heap   total 171008K, used 92738K [0x0000000080000000, 0x0000000100000000)
  region size 1024K, 8 young (8192K), 7 survivors (7168K)
 Metaspace       used 73495K, committed 75392K, reserved 1114112K
  class space    used 9948K, committed 10880K, reserved 1048576K
}
Event: 12.252 GC heap after
{Heap after GC invocations=33 (full 0):
 garbage-first heap   total 171008K, used 94083K [0x0000000080000000, 0x0000000100000000)
  region size 1024K, 2 young (2048K), 2 survivors (2048K)
 Metaspace       used 73495K, committed 75392K, reserved 1114112K
  class space    used 9948K, committed 10880K, reserved 1048576K
}

