# JRE version: OpenJDK Runtime Environment (21.0.6) (build 21.0.6+-13355223-b631.42)
# Java VM: OpenJDK 64-Bit Server VM (21.0.6+-13355223-b631.42, mixed mode, tiered, compressed oops, compressed class ptrs, g1 gc, windows-amd64)
GC Precious Log:
 CardTable entry size: 512
 Card Set container configuration: InlinePtr #cards 5 size 8 Array Of Cards #cards 12 size 40 Howl #buckets 4 coarsen threshold 1843 Howl Bitmap #cards 512 size 80 coarsen threshold 460 Card regions per heap region 1 cards per card region 2048
 CPUs: 4 total, 4 available
 Memory: 7549M
 Large Page Support: Disabled
 NUMA Support: Disabled
 Compressed Oops: Enabled (32-bit)
 Heap Region Size: 1M
 Heap Min Capacity: 8M
 Heap Initial Capacity: 118M
 Heap Max Capacity: 2G
 Pre-touch: Disabled
 Parallel Workers: 4
 Concurrent Workers: 1
 Concurrent Refinement Workers: 4
 Periodic GC: Disabled
Heap:
 garbage-first heap   total 234496K, used 138370K [0x0000000080000000, 0x0000000100000000)
  region size 1024K, 4 young (4096K), 4 survivors (4096K)
 Metaspace       used 142937K, committed 145280K, reserved 1179648K
  class space    used 18972K, committed 20160K, reserved 1048576K
GC Heap History (20 events):
Event: 27.280 GC heap after
{Heap after GC invocations=53 (full 0):
 garbage-first heap   total 234496K, used 138584K [0x0000000080000000, 0x0000000100000000)
  region size 1024K, 7 young (7168K), 7 survivors (7168K)
 Metaspace       used 126103K, committed 128320K, reserved 1179648K
  class space    used 16654K, committed 17792K, reserved 1048576K
}
Event: 27.600 GC heap before
{Heap before GC invocations=53 (full 0):
 garbage-first heap   total 234496K, used 213336K [0x0000000080000000, 0x0000000100000000)
  region size 1024K, 81 young (82944K), 7 survivors (7168K)
 Metaspace       used 126408K, committed 128576K, reserved 1179648K
  class space    used 16693K, committed 17792K, reserved 1048576K
}
Event: 27.606 GC heap after
{Heap after GC invocations=54 (full 0):
 garbage-first heap   total 234496K, used 139672K [0x0000000080000000, 0x0000000100000000)
  region size 1024K, 7 young (7168K), 7 survivors (7168K)
 Metaspace       used 126408K, committed 128576K, reserved 1179648K
  class space    used 16693K, committed 17792K, reserved 1048576K
}
Event: 27.755 GC heap before
{Heap before GC invocations=54 (full 0):
 garbage-first heap   total 234496K, used 205208K [0x0000000080000000, 0x0000000100000000)
  region size 1024K, 80 young (81920K), 7 survivors (7168K)
 Metaspace       used 126425K, committed 128640K, reserved 1179648K
  class space    used 16693K, committed 17792K, reserved 1048576K
}
Event: 27.760 GC heap after
{Heap after GC invocations=55 (full 0):
 garbage-first heap   total 234496K, used 131464K [0x0000000080000000, 0x0000000100000000)
  region size 1024K, 2 young (2048K), 2 survivors (2048K)
 Metaspace       used 126425K, committed 128640K, reserved 1179648K
  class space    used 16693K, committed 17792K, reserved 1048576K
}
Event: 27.988 GC heap before
{Heap before GC invocations=56 (full 0):
 garbage-first heap   total 234496K, used 217480K [0x0000000080000000, 0x0000000100000000)
  region size 1024K, 87 young (89088K), 2 survivors (2048K)
 Metaspace       used 126425K, committed 128640K, reserved 1179648K
  class space    used 16693K, committed 17792K, reserved 1048576K
}
Event: 27.991 GC heap after
{Heap after GC invocations=57 (full 0):
 garbage-first heap   total 234496K, used 131372K [0x0000000080000000, 0x0000000100000000)
  region size 1024K, 2 young (2048K), 2 survivors (2048K)
 Metaspace       used 126425K, committed 128640K, reserved 1179648K
  class space    used 16693K, committed 17792K, reserved 1048576K
}
Event: 28.157 GC heap before
{Heap before GC invocations=57 (full 0):
 garbage-first heap   total 234496K, used 217388K [0x0000000080000000, 0x0000000100000000)
  region size 1024K, 87 young (89088K), 2 survivors (2048K)
 Metaspace       used 126425K, committed 128640K, reserved 1179648K
  class space    used 16693K, committed 17792K, reserved 1048576K
}
Event: 28.161 GC heap after
{Heap after GC invocations=58 (full 0):
 garbage-first heap   total 234496K, used 125888K [0x0000000080000000, 0x0000000100000000)
  region size 1024K, 2 young (2048K), 2 survivors (2048K)
 Metaspace       used 126425K, committed 128640K, reserved 1179648K
  class space    used 16693K, committed 17792K, reserved 1048576K
}
Event: 28.461 GC heap before
{Heap before GC invocations=58 (full 0):
 garbage-first heap   total 234496K, used 218048K [0x0000000080000000, 0x0000000100000000)
  region size 1024K, 94 young (96256K), 2 survivors (2048K)
 Metaspace       used 126444K, committed 128640K, reserved 1179648K
  class space    used 16698K, committed 17792K, reserved 1048576K
}
Event: 28.464 GC heap after
{Heap after GC invocations=59 (full 0):
 garbage-first heap   total 234496K, used 126105K [0x0000000080000000, 0x0000000100000000)
  region size 1024K, 2 young (2048K), 2 survivors (2048K)
 Metaspace       used 126444K, committed 128640K, reserved 1179648K
  class space    used 16698K, committed 17792K, reserved 1048576K
}
Event: 28.755 GC heap before
{Heap before GC invocations=60 (full 0):
 garbage-first heap   total 234496K, used 218265K [0x0000000080000000, 0x0000000100000000)
  region size 1024K, 93 young (95232K), 2 survivors (2048K)
 Metaspace       used 126447K, committed 128640K, reserved 1179648K
  class space    used 16698K, committed 17792K, reserved 1048576K
}
Event: 28.758 GC heap after
{Heap after GC invocations=61 (full 0):
 garbage-first heap   total 234496K, used 126451K [0x0000000080000000, 0x0000000100000000)
  region size 1024K, 3 young (3072K), 3 survivors (3072K)
 Metaspace       used 126447K, committed 128640K, reserved 1179648K
  class space    used 16698K, committed 17792K, reserved 1048576K
}
Event: 29.708 GC heap before
{Heap before GC invocations=61 (full 0):
 garbage-first heap   total 234496K, used 216563K [0x0000000080000000, 0x0000000100000000)
  region size 1024K, 92 young (94208K), 3 survivors (3072K)
 Metaspace       used 126990K, committed 129280K, reserved 1179648K
  class space    used 16756K, committed 17920K, reserved 1048576K
}
Event: 29.714 GC heap after
{Heap after GC invocations=62 (full 0):
 garbage-first heap   total 234496K, used 124737K [0x0000000080000000, 0x0000000100000000)
  region size 1024K, 4 young (4096K), 4 survivors (4096K)
 Metaspace       used 126990K, committed 129280K, reserved 1179648K
  class space    used 16756K, committed 17920K, reserved 1048576K
}
Event: 31.540 GC heap before
{Heap before GC invocations=62 (full 0):
 garbage-first heap   total 234496K, used 215873K [0x0000000080000000, 0x0000000100000000)
  region size 1024K, 94 young (96256K), 4 survivors (4096K)
 Metaspace       used 132216K, committed 134464K, reserved 1179648K
  class space    used 17465K, committed 18624K, reserved 1048576K
}
Event: 31.550 GC heap after
{Heap after GC invocations=63 (full 0):
 garbage-first heap   total 234496K, used 130083K [0x0000000080000000, 0x0000000100000000)
  region size 1024K, 9 young (9216K), 9 survivors (9216K)
 Metaspace       used 132216K, committed 134464K, reserved 1179648K
  class space    used 17465K, committed 18624K, reserved 1048576K
}
Event: 32.518 GC heap before
{Heap before GC invocations=64 (full 0):
 garbage-first heap   total 234496K, used 210979K [0x0000000080000000, 0x0000000100000000)
  region size 1024K, 89 young (91136K), 9 survivors (9216K)
 Metaspace       used 137970K, committed 140288K, reserved 1179648K
  class space    used 18301K, committed 19520K, reserved 1048576K
}
Event: 32.534 GC heap after
{Heap after GC invocations=65 (full 0):
 garbage-first heap   total 234496K, used 137875K [0x0000000080000000, 0x0000000100000000)
  region size 1024K, 8 young (8192K), 8 survivors (8192K)
 Metaspace       used 137970K, committed 140288K, reserved 1179648K
  class space    used 18301K, committed 19520K, reserved 1048576K
}
Event: 33.368 GC heap before
{Heap before GC invocations=65 (full 0):
 garbage-first heap   total 234496K, used 212627K [0x0000000080000000, 0x0000000100000000)
  region size 1024K, 82 young (83968K), 8 survivors (8192K)
 Metaspace       used 142937K, committed 145280K, reserved 1179648K
  class space    used 18972K, committed 20160K, reserved 1048576K
}

