# JRE version: OpenJDK Runtime Environment (21.0.6) (build 21.0.6+-13355223-b631.42)
# Java VM: OpenJDK 64-Bit Server VM (21.0.6+-13355223-b631.42, mixed mode, tiered, compressed oops, compressed class ptrs, g1 gc, windows-amd64)
GC Precious Log:
 CardTable entry size: 512
 Card Set container configuration: InlinePtr #cards 5 size 8 Array Of Cards #cards 12 size 40 Howl #buckets 4 coarsen threshold 1843 Howl Bitmap #cards 512 size 80 coarsen threshold 460 Card regions per heap region 1 cards per card region 2048
 CPUs: 4 total, 4 available
 Memory: 7549M
 Large Page Support: Disabled
 NUMA Support: Disabled
 Compressed Oops: Enabled (32-bit)
 Heap Region Size: 1M
 Heap Min Capacity: 8M
 Heap Initial Capacity: 118M
 Heap Max Capacity: 2G
 Pre-touch: Disabled
 Parallel Workers: 4
 Concurrent Workers: 1
 Concurrent Refinement Workers: 4
 Periodic GC: Disabled
Heap:
 garbage-first heap   total 86016K, used 64217K [0x0000000080000000, 0x0000000100000000)
  region size 1024K, 30 young (30720K), 3 survivors (3072K)
 Metaspace       used 62384K, committed 64000K, reserved 1114112K
  class space    used 8544K, committed 9344K, reserved 1048576K
GC Heap History (20 events):
Event: 1.359 GC heap before
{Heap before GC invocations=2 (full 0):
 garbage-first heap   total 120832K, used 78372K [0x0000000080000000, 0x0000000100000000)
  region size 1024K, 70 young (71680K), 4 survivors (4096K)
 Metaspace       used 14221K, committed 14528K, reserved 1114112K
  class space    used 1561K, committed 1728K, reserved 1048576K
}
Event: 1.367 GC heap after
{Heap after GC invocations=3 (full 0):
 garbage-first heap   total 120832K, used 16781K [0x0000000080000000, 0x0000000100000000)
  region size 1024K, 9 young (9216K), 9 survivors (9216K)
 Metaspace       used 14221K, committed 14528K, reserved 1114112K
  class space    used 1561K, committed 1728K, reserved 1048576K
}
Event: 1.844 GC heap before
{Heap before GC invocations=3 (full 0):
 garbage-first heap   total 120832K, used 40333K [0x0000000080000000, 0x0000000100000000)
  region size 1024K, 33 young (33792K), 9 survivors (9216K)
 Metaspace       used 21191K, committed 21504K, reserved 1114112K
  class space    used 2447K, committed 2624K, reserved 1048576K
}
Event: 1.852 GC heap after
{Heap after GC invocations=4 (full 0):
 garbage-first heap   total 120832K, used 20368K [0x0000000080000000, 0x0000000100000000)
  region size 1024K, 4 young (4096K), 4 survivors (4096K)
 Metaspace       used 21191K, committed 21504K, reserved 1114112K
  class space    used 2447K, committed 2624K, reserved 1048576K
}
Event: 2.480 GC heap before
{Heap before GC invocations=5 (full 0):
 garbage-first heap   total 71680K, used 59280K [0x0000000080000000, 0x0000000100000000)
  region size 1024K, 42 young (43008K), 4 survivors (4096K)
 Metaspace       used 27771K, committed 28288K, reserved 1114112K
  class space    used 3464K, committed 3712K, reserved 1048576K
}
Event: 2.486 GC heap after
{Heap after GC invocations=6 (full 0):
 garbage-first heap   total 86016K, used 22135K [0x0000000080000000, 0x0000000100000000)
  region size 1024K, 5 young (5120K), 5 survivors (5120K)
 Metaspace       used 27771K, committed 28288K, reserved 1114112K
  class space    used 3464K, committed 3712K, reserved 1048576K
}
Event: 3.270 GC heap before
{Heap before GC invocations=6 (full 0):
 garbage-first heap   total 86016K, used 66167K [0x0000000080000000, 0x0000000100000000)
  region size 1024K, 48 young (49152K), 5 survivors (5120K)
 Metaspace       used 33811K, committed 34688K, reserved 1114112K
  class space    used 4506K, committed 4928K, reserved 1048576K
}
Event: 3.277 GC heap after
{Heap after GC invocations=7 (full 0):
 garbage-first heap   total 86016K, used 24793K [0x0000000080000000, 0x0000000100000000)
  region size 1024K, 6 young (6144K), 6 survivors (6144K)
 Metaspace       used 33811K, committed 34688K, reserved 1114112K
  class space    used 4506K, committed 4928K, reserved 1048576K
}
Event: 3.419 GC heap before
{Heap before GC invocations=7 (full 0):
 garbage-first heap   total 86016K, used 35033K [0x0000000080000000, 0x0000000100000000)
  region size 1024K, 17 young (17408K), 6 survivors (6144K)
 Metaspace       used 35310K, committed 36160K, reserved 1114112K
  class space    used 4734K, committed 5184K, reserved 1048576K
}
Event: 3.425 GC heap after
{Heap after GC invocations=8 (full 0):
 garbage-first heap   total 86016K, used 25518K [0x0000000080000000, 0x0000000100000000)
  region size 1024K, 4 young (4096K), 4 survivors (4096K)
 Metaspace       used 35310K, committed 36160K, reserved 1114112K
  class space    used 4734K, committed 5184K, reserved 1048576K
}
Event: 4.037 GC heap before
{Heap before GC invocations=9 (full 0):
 garbage-first heap   total 86016K, used 71598K [0x0000000080000000, 0x0000000100000000)
  region size 1024K, 49 young (50176K), 4 survivors (4096K)
 Metaspace       used 42546K, committed 43776K, reserved 1114112K
  class space    used 5763K, committed 6400K, reserved 1048576K
}
Event: 4.044 GC heap after
{Heap after GC invocations=10 (full 0):
 garbage-first heap   total 86016K, used 28595K [0x0000000080000000, 0x0000000100000000)
  region size 1024K, 7 young (7168K), 7 survivors (7168K)
 Metaspace       used 42546K, committed 43776K, reserved 1114112K
  class space    used 5763K, committed 6400K, reserved 1048576K
}
Event: 4.458 GC heap before
{Heap before GC invocations=10 (full 0):
 garbage-first heap   total 86016K, used 71603K [0x0000000080000000, 0x0000000100000000)
  region size 1024K, 50 young (51200K), 7 survivors (7168K)
 Metaspace       used 46700K, committed 47936K, reserved 1114112K
  class space    used 6245K, committed 6848K, reserved 1048576K
}
Event: 4.466 GC heap after
{Heap after GC invocations=11 (full 0):
 garbage-first heap   total 86016K, used 32207K [0x0000000080000000, 0x0000000100000000)
  region size 1024K, 7 young (7168K), 7 survivors (7168K)
 Metaspace       used 46700K, committed 47936K, reserved 1114112K
  class space    used 6245K, committed 6848K, reserved 1048576K
}
Event: 4.823 GC heap before
{Heap before GC invocations=11 (full 0):
 garbage-first heap   total 86016K, used 72143K [0x0000000080000000, 0x0000000100000000)
  region size 1024K, 47 young (48128K), 7 survivors (7168K)
 Metaspace       used 49816K, committed 51200K, reserved 1114112K
  class space    used 6754K, committed 7424K, reserved 1048576K
}
Event: 4.830 GC heap after
{Heap after GC invocations=12 (full 0):
 garbage-first heap   total 86016K, used 35018K [0x0000000080000000, 0x0000000100000000)
  region size 1024K, 6 young (6144K), 6 survivors (6144K)
 Metaspace       used 49816K, committed 51200K, reserved 1114112K
  class space    used 6754K, committed 7424K, reserved 1048576K
}
Event: 5.407 GC heap before
{Heap before GC invocations=12 (full 0):
 garbage-first heap   total 86016K, used 74954K [0x0000000080000000, 0x0000000100000000)
  region size 1024K, 44 young (45056K), 6 survivors (6144K)
 Metaspace       used 55760K, committed 57280K, reserved 1114112K
  class space    used 7499K, committed 8256K, reserved 1048576K
}
Event: 5.412 GC heap after
{Heap after GC invocations=13 (full 0):
 garbage-first heap   total 86016K, used 36159K [0x0000000080000000, 0x0000000100000000)
  region size 1024K, 4 young (4096K), 4 survivors (4096K)
 Metaspace       used 55760K, committed 57280K, reserved 1114112K
  class space    used 7499K, committed 8256K, reserved 1048576K
}
Event: 5.734 GC heap before
{Heap before GC invocations=13 (full 0):
 garbage-first heap   total 86016K, used 58687K [0x0000000080000000, 0x0000000100000000)
  region size 1024K, 27 young (27648K), 4 survivors (4096K)
 Metaspace       used 58927K, committed 60416K, reserved 1114112K
  class space    used 7963K, committed 8704K, reserved 1048576K
}
Event: 5.738 GC heap after
{Heap after GC invocations=14 (full 0):
 garbage-first heap   total 86016K, used 37593K [0x0000000080000000, 0x0000000100000000)
  region size 1024K, 3 young (3072K), 3 survivors (3072K)
 Metaspace       used 58927K, committed 60416K, reserved 1114112K
  class space    used 7963K, committed 8704K, reserved 1048576K
}

