# JRE version: OpenJDK Runtime Environment (21.0.6) (build 21.0.6+-13355223-b631.42)
# Java VM: OpenJDK 64-Bit Server VM (21.0.6+-13355223-b631.42, mixed mode, tiered, compressed oops, compressed class ptrs, g1 gc, windows-amd64)
GC Precious Log:
 CardTable entry size: 512
 Card Set container configuration: InlinePtr #cards 5 size 8 Array Of Cards #cards 12 size 40 Howl #buckets 4 coarsen threshold 1843 Howl Bitmap #cards 512 size 80 coarsen threshold 460 Card regions per heap region 1 cards per card region 2048
 CPUs: 4 total, 4 available
 Memory: 7549M
 Large Page Support: Disabled
 NUMA Support: Disabled
 Compressed Oops: Enabled (32-bit)
 Heap Region Size: 1M
 Heap Min Capacity: 8M
 Heap Initial Capacity: 118M
 Heap Max Capacity: 2G
 Pre-touch: Disabled
 Parallel Workers: 4
 Concurrent Workers: 1
 Concurrent Refinement Workers: 4
 Periodic GC: Disabled
Heap:
 garbage-first heap   total 132096K, used 81930K [0x0000000080000000, 0x0000000100000000)
  region size 1024K, 8 young (8192K), 3 survivors (3072K)
 Metaspace       used 61055K, committed 62720K, reserved 1114112K
  class space    used 8207K, committed 9024K, reserved 1048576K
GC Heap History (20 events):
Event: 3.220 GC heap before
{Heap before GC invocations=8 (full 0):
 garbage-first heap   total 86016K, used 41003K [0x0000000080000000, 0x0000000100000000)
  region size 1024K, 5 young (5120K), 3 survivors (3072K)
 Metaspace       used 35075K, committed 35968K, reserved 1114112K
  class space    used 4697K, committed 5120K, reserved 1048576K
}
Event: 3.222 GC heap after
{Heap after GC invocations=9 (full 0):
 garbage-first heap   total 86016K, used 40345K [0x0000000080000000, 0x0000000100000000)
  region size 1024K, 4 young (4096K), 4 survivors (4096K)
 Metaspace       used 35075K, committed 35968K, reserved 1114112K
  class space    used 4697K, committed 5120K, reserved 1048576K
}
Event: 3.612 GC heap before
{Heap before GC invocations=10 (full 0):
 garbage-first heap   total 86016K, used 65945K [0x0000000080000000, 0x0000000100000000)
  region size 1024K, 28 young (28672K), 4 survivors (4096K)
 Metaspace       used 38040K, committed 38976K, reserved 1114112K
  class space    used 5152K, committed 5632K, reserved 1048576K
}
Event: 3.615 GC heap after
{Heap after GC invocations=11 (full 0):
 garbage-first heap   total 86016K, used 43505K [0x0000000080000000, 0x0000000100000000)
  region size 1024K, 3 young (3072K), 3 survivors (3072K)
 Metaspace       used 38040K, committed 38976K, reserved 1114112K
  class space    used 5152K, committed 5632K, reserved 1048576K
}
Event: 3.869 GC heap before
{Heap before GC invocations=11 (full 0):
 garbage-first heap   total 86016K, used 68081K [0x0000000080000000, 0x0000000100000000)
  region size 1024K, 27 young (27648K), 3 survivors (3072K)
 Metaspace       used 40942K, committed 42176K, reserved 1114112K
  class space    used 5649K, committed 6272K, reserved 1048576K
}
Event: 3.874 GC heap after
{Heap after GC invocations=12 (full 0):
 garbage-first heap   total 86016K, used 44447K [0x0000000080000000, 0x0000000100000000)
  region size 1024K, 2 young (2048K), 2 survivors (2048K)
 Metaspace       used 40942K, committed 42176K, reserved 1114112K
  class space    used 5649K, committed 6272K, reserved 1048576K
}
Event: 4.184 GC heap before
{Heap before GC invocations=12 (full 0):
 garbage-first heap   total 86016K, used 69023K [0x0000000080000000, 0x0000000100000000)
  region size 1024K, 27 young (27648K), 2 survivors (2048K)
 Metaspace       used 45024K, committed 46336K, reserved 1114112K
  class space    used 6222K, committed 6848K, reserved 1048576K
}
Event: 4.188 GC heap after
{Heap after GC invocations=13 (full 0):
 garbage-first heap   total 86016K, used 46583K [0x0000000080000000, 0x0000000100000000)
  region size 1024K, 4 young (4096K), 4 survivors (4096K)
 Metaspace       used 45024K, committed 46336K, reserved 1114112K
  class space    used 6222K, committed 6848K, reserved 1048576K
}
Event: 4.436 GC heap before
{Heap before GC invocations=14 (full 0):
 garbage-first heap   total 86016K, used 71159K [0x0000000080000000, 0x0000000100000000)
  region size 1024K, 29 young (29696K), 4 survivors (4096K)
 Metaspace       used 49232K, committed 50560K, reserved 1114112K
  class space    used 6664K, committed 7296K, reserved 1048576K
}
Event: 4.441 GC heap after
{Heap after GC invocations=15 (full 0):
 garbage-first heap   total 86016K, used 49624K [0x0000000080000000, 0x0000000100000000)
  region size 1024K, 4 young (4096K), 4 survivors (4096K)
 Metaspace       used 49232K, committed 50560K, reserved 1114112K
  class space    used 6664K, committed 7296K, reserved 1048576K
}
Event: 4.697 GC heap before
{Heap before GC invocations=15 (full 0):
 garbage-first heap   total 86016K, used 78296K [0x0000000080000000, 0x0000000100000000)
  region size 1024K, 28 young (28672K), 4 survivors (4096K)
 Metaspace       used 51289K, committed 52672K, reserved 1114112K
  class space    used 6828K, committed 7488K, reserved 1048576K
}
Event: 4.703 GC heap after
{Heap after GC invocations=16 (full 0):
 garbage-first heap   total 88064K, used 52714K [0x0000000080000000, 0x0000000100000000)
  region size 1024K, 3 young (3072K), 3 survivors (3072K)
 Metaspace       used 51289K, committed 52672K, reserved 1114112K
  class space    used 6828K, committed 7488K, reserved 1048576K
}
Event: 4.973 GC heap before
{Heap before GC invocations=16 (full 0):
 garbage-first heap   total 88064K, used 75242K [0x0000000080000000, 0x0000000100000000)
  region size 1024K, 26 young (26624K), 3 survivors (3072K)
 Metaspace       used 54153K, committed 55616K, reserved 1114112K
  class space    used 7310K, committed 8000K, reserved 1048576K
}
Event: 4.977 GC heap after
{Heap after GC invocations=17 (full 0):
 garbage-first heap   total 106496K, used 54439K [0x0000000080000000, 0x0000000100000000)
  region size 1024K, 2 young (2048K), 2 survivors (2048K)
 Metaspace       used 54153K, committed 55616K, reserved 1114112K
  class space    used 7310K, committed 8000K, reserved 1048576K
}
Event: 5.565 GC heap before
{Heap before GC invocations=18 (full 0):
 garbage-first heap   total 106496K, used 98471K [0x0000000080000000, 0x0000000100000000)
  region size 1024K, 38 young (38912K), 2 survivors (2048K)
 Metaspace       used 56679K, committed 58240K, reserved 1114112K
  class space    used 7702K, committed 8448K, reserved 1048576K
}
Event: 5.570 GC heap after
{Heap after GC invocations=19 (full 0):
 garbage-first heap   total 108544K, used 68759K [0x0000000080000000, 0x0000000100000000)
  region size 1024K, 5 young (5120K), 5 survivors (5120K)
 Metaspace       used 56679K, committed 58240K, reserved 1114112K
  class space    used 7702K, committed 8448K, reserved 1048576K
}
Event: 5.726 GC heap before
{Heap before GC invocations=19 (full 0):
 garbage-first heap   total 108544K, used 102551K [0x0000000080000000, 0x0000000100000000)
  region size 1024K, 31 young (31744K), 5 survivors (5120K)
 Metaspace       used 58919K, committed 60544K, reserved 1114112K
  class space    used 7883K, committed 8704K, reserved 1048576K
}
Event: 5.731 GC heap after
{Heap after GC invocations=20 (full 0):
 garbage-first heap   total 112640K, used 77207K [0x0000000080000000, 0x0000000100000000)
  region size 1024K, 2 young (2048K), 2 survivors (2048K)
 Metaspace       used 58919K, committed 60544K, reserved 1114112K
  class space    used 7883K, committed 8704K, reserved 1048576K
}
Event: 5.899 GC heap before
{Heap before GC invocations=20 (full 0):
 garbage-first heap   total 112640K, used 100759K [0x0000000080000000, 0x0000000100000000)
  region size 1024K, 26 young (26624K), 2 survivors (2048K)
 Metaspace       used 60419K, committed 62080K, reserved 1114112K
  class space    used 8117K, committed 8960K, reserved 1048576K
}
Event: 5.901 GC heap after
{Heap after GC invocations=21 (full 0):
 garbage-first heap   total 112640K, used 77834K [0x0000000080000000, 0x0000000100000000)
  region size 1024K, 3 young (3072K), 3 survivors (3072K)
 Metaspace       used 60419K, committed 62080K, reserved 1114112K
  class space    used 8117K, committed 8960K, reserved 1048576K
}

