# JRE version: OpenJDK Runtime Environment (21.0.6) (build 21.0.6+-13355223-b631.42)
# Java VM: OpenJDK 64-Bit Server VM (21.0.6+-13355223-b631.42, mixed mode, tiered, compressed oops, compressed class ptrs, g1 gc, windows-amd64)
GC Precious Log:
 CardTable entry size: 512
 Card Set container configuration: InlinePtr #cards 5 size 8 Array Of Cards #cards 12 size 40 Howl #buckets 4 coarsen threshold 1843 Howl Bitmap #cards 512 size 80 coarsen threshold 460 Card regions per heap region 1 cards per card region 2048
 CPUs: 4 total, 4 available
 Memory: 7549M
 Large Page Support: Disabled
 NUMA Support: Disabled
 Compressed Oops: Enabled (32-bit)
 Heap Region Size: 1M
 Heap Min Capacity: 8M
 Heap Initial Capacity: 118M
 Heap Max Capacity: 2G
 Pre-touch: Disabled
 Parallel Workers: 4
 Concurrent Workers: 1
 Concurrent Refinement Workers: 4
 Periodic GC: Disabled
Heap:
 garbage-first heap   total 251904K, used 178176K [0x0000000080000000, 0x0000000100000000)
  region size 1024K, 12 young (12288K), 2 survivors (2048K)
 Metaspace       used 151262K, committed 153664K, reserved 1245184K
  class space    used 19282K, committed 20480K, reserved 1048576K
GC Heap History (20 events):
Event: 11.900 GC heap before
{Heap before GC invocations=33 (full 0):
 garbage-first heap   total 186368K, used 158461K [0x0000000080000000, 0x0000000100000000)
  region size 1024K, 46 young (47104K), 4 survivors (4096K)
 Metaspace       used 120000K, committed 122240K, reserved 1179648K
  class space    used 15962K, committed 17088K, reserved 1048576K
}
Event: 11.906 GC heap after
{Heap after GC invocations=34 (full 0):
 garbage-first heap   total 186368K, used 118748K [0x0000000080000000, 0x0000000100000000)
  region size 1024K, 6 young (6144K), 6 survivors (6144K)
 Metaspace       used 120000K, committed 122240K, reserved 1179648K
  class space    used 15962K, committed 17088K, reserved 1048576K
}
Event: 12.181 GC heap before
{Heap before GC invocations=35 (full 0):
 garbage-first heap   total 201728K, used 168924K [0x0000000080000000, 0x0000000100000000)
  region size 1024K, 54 young (55296K), 6 survivors (6144K)
 Metaspace       used 121098K, committed 123392K, reserved 1179648K
  class space    used 16070K, committed 17216K, reserved 1048576K
}
Event: 12.188 GC heap after
{Heap after GC invocations=36 (full 0):
 garbage-first heap   total 201728K, used 121744K [0x0000000080000000, 0x0000000100000000)
  region size 1024K, 6 young (6144K), 6 survivors (6144K)
 Metaspace       used 121098K, committed 123392K, reserved 1179648K
  class space    used 16070K, committed 17216K, reserved 1048576K
}
Event: 12.955 GC heap before
{Heap before GC invocations=36 (full 0):
 garbage-first heap   total 201728K, used 182160K [0x0000000080000000, 0x0000000100000000)
  region size 1024K, 65 young (66560K), 6 survivors (6144K)
 Metaspace       used 128388K, committed 130752K, reserved 1179648K
  class space    used 16827K, committed 17984K, reserved 1048576K
}
Event: 12.966 GC heap after
{Heap after GC invocations=37 (full 0):
 garbage-first heap   total 201728K, used 124409K [0x0000000080000000, 0x0000000100000000)
  region size 1024K, 8 young (8192K), 8 survivors (8192K)
 Metaspace       used 128388K, committed 130752K, reserved 1179648K
  class space    used 16827K, committed 17984K, reserved 1048576K
}
Event: 13.646 GC heap before
{Heap before GC invocations=37 (full 0):
 garbage-first heap   total 201728K, used 180729K [0x0000000080000000, 0x0000000100000000)
  region size 1024K, 64 young (65536K), 8 survivors (8192K)
 Metaspace       used 137767K, committed 140096K, reserved 1179648K
  class space    used 17786K, committed 18944K, reserved 1048576K
}
Event: 13.655 GC heap after
{Heap after GC invocations=38 (full 0):
 garbage-first heap   total 201728K, used 127007K [0x0000000080000000, 0x0000000100000000)
  region size 1024K, 3 young (3072K), 3 survivors (3072K)
 Metaspace       used 137767K, committed 140096K, reserved 1179648K
  class space    used 17786K, committed 18944K, reserved 1048576K
}
Event: 14.713 GC heap before
{Heap before GC invocations=39 (full 0):
 garbage-first heap   total 214016K, used 185375K [0x0000000080000000, 0x0000000100000000)
  region size 1024K, 61 young (62464K), 3 survivors (3072K)
 Metaspace       used 147211K, committed 149568K, reserved 1179648K
  class space    used 18865K, committed 20032K, reserved 1048576K
}
Event: 14.718 GC heap after
{Heap after GC invocations=40 (full 0):
 garbage-first heap   total 214016K, used 130688K [0x0000000080000000, 0x0000000100000000)
  region size 1024K, 7 young (7168K), 7 survivors (7168K)
 Metaspace       used 147211K, committed 149568K, reserved 1179648K
  class space    used 18865K, committed 20032K, reserved 1048576K
}
Event: 17.065 GC heap before
{Heap before GC invocations=40 (full 0):
 garbage-first heap   total 214016K, used 193152K [0x0000000080000000, 0x0000000100000000)
  region size 1024K, 69 young (70656K), 7 survivors (7168K)
 Metaspace       used 150802K, committed 153152K, reserved 1245184K
  class space    used 19258K, committed 20416K, reserved 1048576K
}
Event: 17.081 GC heap after
{Heap after GC invocations=41 (full 0):
 garbage-first heap   total 214016K, used 135617K [0x0000000080000000, 0x0000000100000000)
  region size 1024K, 9 young (9216K), 9 survivors (9216K)
 Metaspace       used 150802K, committed 153152K, reserved 1245184K
  class space    used 19258K, committed 20416K, reserved 1048576K
}
Event: 17.522 GC heap before
{Heap before GC invocations=41 (full 0):
 garbage-first heap   total 214016K, used 192961K [0x0000000080000000, 0x0000000100000000)
  region size 1024K, 65 young (66560K), 9 survivors (9216K)
 Metaspace       used 150879K, committed 153216K, reserved 1245184K
  class space    used 19258K, committed 20416K, reserved 1048576K
}
Event: 17.534 GC heap after
{Heap after GC invocations=42 (full 0):
 garbage-first heap   total 214016K, used 138145K [0x0000000080000000, 0x0000000100000000)
  region size 1024K, 4 young (4096K), 4 survivors (4096K)
 Metaspace       used 150879K, committed 153216K, reserved 1245184K
  class space    used 19258K, committed 20416K, reserved 1048576K
}
Event: 18.261 GC heap before
{Heap before GC invocations=43 (full 0):
 garbage-first heap   total 230400K, used 208801K [0x0000000080000000, 0x0000000100000000)
  region size 1024K, 62 young (63488K), 4 survivors (4096K)
 Metaspace       used 151063K, committed 153472K, reserved 1245184K
  class space    used 19282K, committed 20480K, reserved 1048576K
}
Event: 18.269 GC heap after
{Heap after GC invocations=44 (full 0):
 garbage-first heap   total 230400K, used 145007K [0x0000000080000000, 0x0000000100000000)
  region size 1024K, 8 young (8192K), 8 survivors (8192K)
 Metaspace       used 151063K, committed 153472K, reserved 1245184K
  class space    used 19282K, committed 20480K, reserved 1048576K
}
Event: 18.505 GC heap before
{Heap before GC invocations=44 (full 0):
 garbage-first heap   total 230400K, used 224879K [0x0000000080000000, 0x0000000100000000)
  region size 1024K, 71 young (72704K), 8 survivors (8192K)
 Metaspace       used 151121K, committed 153536K, reserved 1245184K
  class space    used 19282K, committed 20480K, reserved 1048576K
}
Event: 18.530 GC heap after
{Heap after GC invocations=45 (full 0):
 garbage-first heap   total 251904K, used 165888K [0x0000000080000000, 0x0000000100000000)
  region size 1024K, 9 young (9216K), 9 survivors (9216K)
 Metaspace       used 151121K, committed 153536K, reserved 1245184K
  class space    used 19282K, committed 20480K, reserved 1048576K
}
Event: 18.556 GC heap before
{Heap before GC invocations=45 (full 0):
 garbage-first heap   total 251904K, used 172032K [0x0000000080000000, 0x0000000100000000)
  region size 1024K, 16 young (16384K), 9 survivors (9216K)
 Metaspace       used 151143K, committed 153536K, reserved 1245184K
  class space    used 19282K, committed 20480K, reserved 1048576K
}
Event: 18.562 GC heap after
{Heap after GC invocations=46 (full 0):
 garbage-first heap   total 251904K, used 167936K [0x0000000080000000, 0x0000000100000000)
  region size 1024K, 2 young (2048K), 2 survivors (2048K)
 Metaspace       used 151143K, committed 153536K, reserved 1245184K
  class space    used 19282K, committed 20480K, reserved 1048576K
}

