# JRE version: OpenJDK Runtime Environment (21.0.6) (build 21.0.6+-13355223-b631.42)
# Java VM: OpenJDK 64-Bit Server VM (21.0.6+-13355223-b631.42, mixed mode, tiered, compressed oops, compressed class ptrs, g1 gc, windows-amd64)
GC Precious Log:
 CardTable entry size: 512
 Card Set container configuration: InlinePtr #cards 5 size 8 Array Of Cards #cards 12 size 40 Howl #buckets 4 coarsen threshold 1843 Howl Bitmap #cards 512 size 80 coarsen threshold 460 Card regions per heap region 1 cards per card region 2048
 CPUs: 4 total, 4 available
 Memory: 7549M
 Large Page Support: Disabled
 NUMA Support: Disabled
 Compressed Oops: Enabled (32-bit)
 Heap Region Size: 1M
 Heap Min Capacity: 8M
 Heap Initial Capacity: 118M
 Heap Max Capacity: 2G
 Pre-touch: Disabled
 Parallel Workers: 4
 Concurrent Workers: 1
 Concurrent Refinement Workers: 4
 Periodic GC: Disabled
Heap:
 garbage-first heap   total 393216K, used 282624K [0x0000000080000000, 0x0000000100000000)
  region size 1024K, 50 young (51200K), 7 survivors (7168K)
 Metaspace       used 195911K, committed 198784K, reserved 1245184K
  class space    used 24977K, committed 26432K, reserved 1048576K
GC Heap History (20 events):
Event: 33.201 GC heap before
{Heap before GC invocations=54 (full 0):
 garbage-first heap   total 324608K, used 260096K [0x0000000080000000, 0x0000000100000000)
  region size 1024K, 75 young (76800K), 11 survivors (11264K)
 Metaspace       used 146944K, committed 149440K, reserved 1179648K
  class space    used 19007K, committed 20288K, reserved 1048576K
}
Event: 33.215 GC heap after
{Heap after GC invocations=55 (full 0):
 garbage-first heap   total 324608K, used 200704K [0x0000000080000000, 0x0000000100000000)
  region size 1024K, 5 young (5120K), 5 survivors (5120K)
 Metaspace       used 146944K, committed 149440K, reserved 1179648K
  class space    used 19007K, committed 20288K, reserved 1048576K
}
Event: 38.730 GC heap before
{Heap before GC invocations=55 (full 0):
 garbage-first heap   total 324608K, used 297984K [0x0000000080000000, 0x0000000100000000)
  region size 1024K, 100 young (102400K), 5 survivors (5120K)
 Metaspace       used 161282K, committed 163776K, reserved 1245184K
  class space    used 20330K, committed 21568K, reserved 1048576K
}
Event: 38.738 GC heap after
{Heap after GC invocations=56 (full 0):
 garbage-first heap   total 324608K, used 200356K [0x0000000080000000, 0x0000000100000000)
  region size 1024K, 7 young (7168K), 7 survivors (7168K)
 Metaspace       used 161282K, committed 163776K, reserved 1245184K
  class space    used 20330K, committed 21568K, reserved 1048576K
}
Event: 39.238 GC heap before
{Heap before GC invocations=56 (full 0):
 garbage-first heap   total 324608K, used 223908K [0x0000000080000000, 0x0000000100000000)
  region size 1024K, 31 young (31744K), 7 survivors (7168K)
 Metaspace       used 163035K, committed 165632K, reserved 1245184K
  class space    used 20584K, committed 21888K, reserved 1048576K
}
Event: 39.248 GC heap after
{Heap after GC invocations=57 (full 0):
 garbage-first heap   total 324608K, used 201726K [0x0000000080000000, 0x0000000100000000)
  region size 1024K, 8 young (8192K), 8 survivors (8192K)
 Metaspace       used 163035K, committed 165632K, reserved 1245184K
  class space    used 20584K, committed 21888K, reserved 1048576K
}
Event: 43.173 GC heap before
{Heap before GC invocations=58 (full 0):
 garbage-first heap   total 337920K, used 299006K [0x0000000080000000, 0x0000000100000000)
  region size 1024K, 102 young (104448K), 8 survivors (8192K)
 Metaspace       used 169976K, committed 172608K, reserved 1245184K
  class space    used 21731K, committed 23040K, reserved 1048576K
}
Event: 43.187 GC heap after
{Heap after GC invocations=59 (full 0):
 garbage-first heap   total 337920K, used 204770K [0x0000000080000000, 0x0000000100000000)
  region size 1024K, 7 young (7168K), 7 survivors (7168K)
 Metaspace       used 169976K, committed 172608K, reserved 1245184K
  class space    used 21731K, committed 23040K, reserved 1048576K
}
Event: 47.741 GC heap before
{Heap before GC invocations=59 (full 0):
 garbage-first heap   total 337920K, used 332770K [0x0000000080000000, 0x0000000100000000)
  region size 1024K, 113 young (115712K), 7 survivors (7168K)
 Metaspace       used 178255K, committed 181120K, reserved 1245184K
  class space    used 22725K, committed 24128K, reserved 1048576K
}
Event: 47.761 GC heap after
{Heap after GC invocations=60 (full 0):
 garbage-first heap   total 356352K, used 223232K [0x0000000080000000, 0x0000000100000000)
  region size 1024K, 15 young (15360K), 15 survivors (15360K)
 Metaspace       used 178255K, committed 181120K, reserved 1245184K
  class space    used 22725K, committed 24128K, reserved 1048576K
}
Event: 49.722 GC heap before
{Heap before GC invocations=60 (full 0):
 garbage-first heap   total 356352K, used 322560K [0x0000000080000000, 0x0000000100000000)
  region size 1024K, 112 young (114688K), 15 survivors (15360K)
 Metaspace       used 178258K, committed 181120K, reserved 1245184K
  class space    used 22725K, committed 24128K, reserved 1048576K
}
Event: 49.737 GC heap after
{Heap after GC invocations=61 (full 0):
 garbage-first heap   total 356352K, used 228352K [0x0000000080000000, 0x0000000100000000)
  region size 1024K, 7 young (7168K), 7 survivors (7168K)
 Metaspace       used 178258K, committed 181120K, reserved 1245184K
  class space    used 22725K, committed 24128K, reserved 1048576K
}
Event: 54.452 GC heap before
{Heap before GC invocations=62 (full 0):
 garbage-first heap   total 380928K, used 337920K [0x0000000080000000, 0x0000000100000000)
  region size 1024K, 105 young (107520K), 7 survivors (7168K)
 Metaspace       used 184603K, committed 187456K, reserved 1245184K
  class space    used 23373K, committed 24768K, reserved 1048576K
}
Event: 54.460 GC heap after
{Heap after GC invocations=63 (full 0):
 garbage-first heap   total 380928K, used 231796K [0x0000000080000000, 0x0000000100000000)
  region size 1024K, 11 young (11264K), 11 survivors (11264K)
 Metaspace       used 184603K, committed 187456K, reserved 1245184K
  class space    used 23373K, committed 24768K, reserved 1048576K
}
Event: 59.733 GC heap before
{Heap before GC invocations=63 (full 0):
 garbage-first heap   total 380928K, used 348532K [0x0000000080000000, 0x0000000100000000)
  region size 1024K, 125 young (128000K), 11 survivors (11264K)
 Metaspace       used 195169K, committed 198080K, reserved 1245184K
  class space    used 24885K, committed 26304K, reserved 1048576K
}
Event: 59.748 GC heap after
{Heap after GC invocations=64 (full 0):
 garbage-first heap   total 380928K, used 234496K [0x0000000080000000, 0x0000000100000000)
  region size 1024K, 11 young (11264K), 11 survivors (11264K)
 Metaspace       used 195169K, committed 198080K, reserved 1245184K
  class space    used 24885K, committed 26304K, reserved 1048576K
}
Event: 59.979 GC heap before
{Heap before GC invocations=64 (full 0):
 garbage-first heap   total 380928K, used 239616K [0x0000000080000000, 0x0000000100000000)
  region size 1024K, 17 young (17408K), 11 survivors (11264K)
 Metaspace       used 195490K, committed 198336K, reserved 1245184K
  class space    used 24936K, committed 26368K, reserved 1048576K
}
Event: 59.991 GC heap after
{Heap after GC invocations=65 (full 0):
 garbage-first heap   total 380928K, used 234496K [0x0000000080000000, 0x0000000100000000)
  region size 1024K, 5 young (5120K), 5 survivors (5120K)
 Metaspace       used 195490K, committed 198336K, reserved 1245184K
  class space    used 24936K, committed 26368K, reserved 1048576K
}
Event: 60.912 GC heap before
{Heap before GC invocations=66 (full 0):
 garbage-first heap   total 393216K, used 356352K [0x0000000080000000, 0x0000000100000000)
  region size 1024K, 123 young (125952K), 5 survivors (5120K)
 Metaspace       used 195549K, committed 198400K, reserved 1245184K
  class space    used 24948K, committed 26368K, reserved 1048576K
}
Event: 60.921 GC heap after
{Heap after GC invocations=67 (full 0):
 garbage-first heap   total 393216K, used 237568K [0x0000000080000000, 0x0000000100000000)
  region size 1024K, 7 young (7168K), 7 survivors (7168K)
 Metaspace       used 195549K, committed 198400K, reserved 1245184K
  class space    used 24948K, committed 26368K, reserved 1048576K
}

