# JRE version: OpenJDK Runtime Environment (21.0.6) (build 21.0.6+-13355223-b631.42)
# Java VM: OpenJDK 64-Bit Server VM (21.0.6+-13355223-b631.42, mixed mode, tiered, compressed oops, compressed class ptrs, g1 gc, windows-amd64)
GC Precious Log:
 CardTable entry size: 512
 Card Set container configuration: InlinePtr #cards 5 size 8 Array Of Cards #cards 12 size 40 Howl #buckets 4 coarsen threshold 1843 Howl Bitmap #cards 512 size 80 coarsen threshold 460 Card regions per heap region 1 cards per card region 2048
 CPUs: 4 total, 4 available
 Memory: 7549M
 Large Page Support: Disabled
 NUMA Support: Disabled
 Compressed Oops: Enabled (32-bit)
 Heap Region Size: 1M
 Heap Min Capacity: 8M
 Heap Initial Capacity: 118M
 Heap Max Capacity: 2G
 Pre-touch: Disabled
 Parallel Workers: 4
 Concurrent Workers: 1
 Concurrent Refinement Workers: 4
 Periodic GC: Disabled
Heap:
 garbage-first heap   total 225280K, used 140902K [0x0000000080000000, 0x0000000100000000)
  region size 1024K, 13 young (13312K), 5 survivors (5120K)
 Metaspace       used 107572K, committed 109824K, reserved 1179648K
  class space    used 14545K, committed 15680K, reserved 1048576K
GC Heap History (20 events):
Event: 8.282 GC heap before
{Heap before GC invocations=30 (full 0):
 garbage-first heap   total 147456K, used 130562K [0x0000000080000000, 0x0000000100000000)
  region size 1024K, 46 young (47104K), 4 survivors (4096K)
 Metaspace       used 73314K, committed 75200K, reserved 1114112K
  class space    used 9939K, committed 10880K, reserved 1048576K
}
Event: 8.287 GC heap after
{Heap after GC invocations=31 (full 0):
 garbage-first heap   total 177152K, used 88064K [0x0000000080000000, 0x0000000100000000)
  region size 1024K, 4 young (4096K), 4 survivors (4096K)
 Metaspace       used 73314K, committed 75200K, reserved 1114112K
  class space    used 9939K, committed 10880K, reserved 1048576K
}
Event: 8.832 GC heap before
{Heap before GC invocations=31 (full 0):
 garbage-first heap   total 177152K, used 166912K [0x0000000080000000, 0x0000000100000000)
  region size 1024K, 68 young (69632K), 4 survivors (4096K)
 Metaspace       used 75890K, committed 77760K, reserved 1179648K
  class space    used 10256K, committed 11200K, reserved 1048576K
}
Event: 8.838 GC heap after
{Heap after GC invocations=32 (full 0):
 garbage-first heap   total 180224K, used 109539K [0x0000000080000000, 0x0000000100000000)
  region size 1024K, 9 young (9216K), 9 survivors (9216K)
 Metaspace       used 75890K, committed 77760K, reserved 1179648K
  class space    used 10256K, committed 11200K, reserved 1048576K
}
Event: 9.634 GC heap before
{Heap before GC invocations=32 (full 0):
 garbage-first heap   total 180224K, used 158691K [0x0000000080000000, 0x0000000100000000)
  region size 1024K, 58 young (59392K), 9 survivors (9216K)
 Metaspace       used 81261K, committed 83200K, reserved 1179648K
  class space    used 10776K, committed 11776K, reserved 1048576K
}
Event: 9.640 GC heap after
{Heap after GC invocations=33 (full 0):
 garbage-first heap   total 180224K, used 111778K [0x0000000080000000, 0x0000000100000000)
  region size 1024K, 2 young (2048K), 2 survivors (2048K)
 Metaspace       used 81261K, committed 83200K, reserved 1179648K
  class space    used 10776K, committed 11776K, reserved 1048576K
}
Event: 10.069 GC heap before
{Heap before GC invocations=33 (full 0):
 garbage-first heap   total 180224K, used 140450K [0x0000000080000000, 0x0000000100000000)
  region size 1024K, 31 young (31744K), 2 survivors (2048K)
 Metaspace       used 84903K, committed 86912K, reserved 1179648K
  class space    used 11309K, committed 12288K, reserved 1048576K
}
Event: 10.074 GC heap after
{Heap after GC invocations=34 (full 0):
 garbage-first heap   total 180224K, used 113826K [0x0000000080000000, 0x0000000100000000)
  region size 1024K, 4 young (4096K), 4 survivors (4096K)
 Metaspace       used 84903K, committed 86912K, reserved 1179648K
  class space    used 11309K, committed 12288K, reserved 1048576K
}
Event: 10.668 GC heap before
{Heap before GC invocations=35 (full 0):
 garbage-first heap   total 198656K, used 169122K [0x0000000080000000, 0x0000000100000000)
  region size 1024K, 53 young (54272K), 4 survivors (4096K)
 Metaspace       used 87698K, committed 89728K, reserved 1179648K
  class space    used 11689K, committed 12736K, reserved 1048576K
}
Event: 10.674 GC heap after
{Heap after GC invocations=36 (full 0):
 garbage-first heap   total 198656K, used 119444K [0x0000000080000000, 0x0000000100000000)
  region size 1024K, 7 young (7168K), 7 survivors (7168K)
 Metaspace       used 87698K, committed 89728K, reserved 1179648K
  class space    used 11689K, committed 12736K, reserved 1048576K
}
Event: 11.407 GC heap before
{Heap before GC invocations=36 (full 0):
 garbage-first heap   total 198656K, used 177812K [0x0000000080000000, 0x0000000100000000)
  region size 1024K, 64 young (65536K), 7 survivors (7168K)
 Metaspace       used 93525K, committed 95616K, reserved 1179648K
  class space    used 12440K, committed 13504K, reserved 1048576K
}
Event: 11.416 GC heap after
{Heap after GC invocations=37 (full 0):
 garbage-first heap   total 198656K, used 121497K [0x0000000080000000, 0x0000000100000000)
  region size 1024K, 4 young (4096K), 4 survivors (4096K)
 Metaspace       used 93525K, committed 95616K, reserved 1179648K
  class space    used 12440K, committed 13504K, reserved 1048576K
}
Event: 11.681 GC heap before
{Heap before GC invocations=37 (full 0):
 garbage-first heap   total 198656K, used 145049K [0x0000000080000000, 0x0000000100000000)
  region size 1024K, 28 young (28672K), 4 survivors (4096K)
 Metaspace       used 95220K, committed 97344K, reserved 1179648K
  class space    used 12664K, committed 13760K, reserved 1048576K
}
Event: 11.685 GC heap after
{Heap after GC invocations=38 (full 0):
 garbage-first heap   total 198656K, used 121660K [0x0000000080000000, 0x0000000100000000)
  region size 1024K, 4 young (4096K), 4 survivors (4096K)
 Metaspace       used 95220K, committed 97344K, reserved 1179648K
  class space    used 12664K, committed 13760K, reserved 1048576K
}
Event: 12.307 GC heap before
{Heap before GC invocations=39 (full 0):
 garbage-first heap   total 209920K, used 184124K [0x0000000080000000, 0x0000000100000000)
  region size 1024K, 62 young (63488K), 4 survivors (4096K)
 Metaspace       used 98185K, committed 100288K, reserved 1179648K
  class space    used 13061K, committed 14144K, reserved 1048576K
}
Event: 12.314 GC heap after
{Heap after GC invocations=40 (full 0):
 garbage-first heap   total 209920K, used 129914K [0x0000000080000000, 0x0000000100000000)
  region size 1024K, 8 young (8192K), 8 survivors (8192K)
 Metaspace       used 98185K, committed 100288K, reserved 1179648K
  class space    used 13061K, committed 14144K, reserved 1048576K
}
Event: 13.109 GC heap before
{Heap before GC invocations=40 (full 0):
 garbage-first heap   total 209920K, used 190330K [0x0000000080000000, 0x0000000100000000)
  region size 1024K, 67 young (68608K), 8 survivors (8192K)
 Metaspace       used 102786K, committed 105024K, reserved 1179648K
  class space    used 13825K, committed 14976K, reserved 1048576K
}
Event: 13.118 GC heap after
{Heap after GC invocations=41 (full 0):
 garbage-first heap   total 209920K, used 131719K [0x0000000080000000, 0x0000000100000000)
  region size 1024K, 2 young (2048K), 2 survivors (2048K)
 Metaspace       used 102786K, committed 105024K, reserved 1179648K
  class space    used 13825K, committed 14976K, reserved 1048576K
}
Event: 13.901 GC heap before
{Heap before GC invocations=41 (full 0):
 garbage-first heap   total 209920K, used 194183K [0x0000000080000000, 0x0000000100000000)
  region size 1024K, 63 young (64512K), 2 survivors (2048K)
 Metaspace       used 107085K, committed 109312K, reserved 1179648K
  class space    used 14493K, committed 15616K, reserved 1048576K
}
Event: 13.906 GC heap after
{Heap after GC invocations=42 (full 0):
 garbage-first heap   total 209920K, used 134758K [0x0000000080000000, 0x0000000100000000)
  region size 1024K, 5 young (5120K), 5 survivors (5120K)
 Metaspace       used 107085K, committed 109312K, reserved 1179648K
  class space    used 14493K, committed 15616K, reserved 1048576K
}

