# JRE version: OpenJDK Runtime Environment (21.0.6) (build 21.0.6+-13355223-b631.42)
# Java VM: OpenJDK 64-Bit Server VM (21.0.6+-13355223-b631.42, mixed mode, tiered, compressed oops, compressed class ptrs, g1 gc, windows-amd64)
GC Precious Log:
 CardTable entry size: 512
 Card Set container configuration: InlinePtr #cards 5 size 8 Array Of Cards #cards 12 size 40 Howl #buckets 4 coarsen threshold 1843 Howl Bitmap #cards 512 size 80 coarsen threshold 460 Card regions per heap region 1 cards per card region 2048
 CPUs: 4 total, 4 available
 Memory: 7549M
 Large Page Support: Disabled
 NUMA Support: Disabled
 Compressed Oops: Enabled (32-bit)
 Heap Region Size: 1M
 Heap Min Capacity: 8M
 Heap Initial Capacity: 118M
 Heap Max Capacity: 2G
 Pre-touch: Disabled
 Parallel Workers: 4
 Concurrent Workers: 1
 Concurrent Refinement Workers: 4
 Periodic GC: Disabled
Heap:
 garbage-first heap   total 406528K, used 273327K [0x0000000080000000, 0x0000000100000000)
  region size 1024K, 31 young (31744K), 2 survivors (2048K)
 Metaspace       used 137201K, committed 139520K, reserved 1179648K
  class space    used 18519K, committed 19712K, reserved 1048576K
GC Heap History (20 events):
Event: 22.085 GC heap before
{Heap before GC invocations=47 (full 0):
 garbage-first heap   total 237568K, used 185344K [0x0000000080000000, 0x0000000100000000)
  region size 1024K, 51 young (52224K), 8 survivors (8192K)
 Metaspace       used 124706K, committed 126912K, reserved 1179648K
  class space    used 16828K, committed 17920K, reserved 1048576K
}
Event: 22.090 GC heap after
{Heap after GC invocations=48 (full 0):
 garbage-first heap   total 237568K, used 147854K [0x0000000080000000, 0x0000000100000000)
  region size 1024K, 5 young (5120K), 5 survivors (5120K)
 Metaspace       used 124706K, committed 126912K, reserved 1179648K
  class space    used 16828K, committed 17920K, reserved 1048576K
}
Event: 22.381 GC heap before
{Heap before GC invocations=48 (full 0):
 garbage-first heap   total 237568K, used 212366K [0x0000000080000000, 0x0000000100000000)
  region size 1024K, 68 young (69632K), 5 survivors (5120K)
 Metaspace       used 125035K, committed 127296K, reserved 1179648K
  class space    used 16850K, committed 17984K, reserved 1048576K
}
Event: 22.403 GC heap after
{Heap after GC invocations=49 (full 0):
 garbage-first heap   total 237568K, used 157615K [0x0000000080000000, 0x0000000100000000)
  region size 1024K, 9 young (9216K), 9 survivors (9216K)
 Metaspace       used 125035K, committed 127296K, reserved 1179648K
  class space    used 16850K, committed 17984K, reserved 1048576K
}
Event: 22.506 GC heap before
{Heap before GC invocations=49 (full 0):
 garbage-first heap   total 237568K, used 213935K [0x0000000080000000, 0x0000000100000000)
  region size 1024K, 64 young (65536K), 9 survivors (9216K)
 Metaspace       used 125066K, committed 127360K, reserved 1179648K
  class space    used 16855K, committed 18048K, reserved 1048576K
}
Event: 22.526 GC heap after
{Heap after GC invocations=50 (full 0):
 garbage-first heap   total 237568K, used 168378K [0x0000000080000000, 0x0000000100000000)
  region size 1024K, 8 young (8192K), 8 survivors (8192K)
 Metaspace       used 125066K, committed 127360K, reserved 1179648K
  class space    used 16855K, committed 18048K, reserved 1048576K
}
Event: 23.469 GC heap before
{Heap before GC invocations=51 (full 0):
 garbage-first heap   total 281600K, used 212410K [0x0000000080000000, 0x0000000100000000)
  region size 1024K, 52 young (53248K), 8 survivors (8192K)
 Metaspace       used 128087K, committed 130368K, reserved 1179648K
  class space    used 17339K, committed 18496K, reserved 1048576K
}
Event: 23.486 GC heap after
{Heap after GC invocations=52 (full 0):
 garbage-first heap   total 281600K, used 175917K [0x0000000080000000, 0x0000000100000000)
  region size 1024K, 7 young (7168K), 7 survivors (7168K)
 Metaspace       used 128087K, committed 130368K, reserved 1179648K
  class space    used 17339K, committed 18496K, reserved 1048576K
}
Event: 23.919 GC heap before
{Heap before GC invocations=52 (full 0):
 garbage-first heap   total 281600K, used 248621K [0x0000000080000000, 0x0000000100000000)
  region size 1024K, 78 young (79872K), 7 survivors (7168K)
 Metaspace       used 128280K, committed 130496K, reserved 1179648K
  class space    used 17368K, committed 18496K, reserved 1048576K
}
Event: 23.946 GC heap after
{Heap after GC invocations=53 (full 0):
 garbage-first heap   total 337920K, used 189870K [0x0000000080000000, 0x0000000100000000)
  region size 1024K, 10 young (10240K), 10 survivors (10240K)
 Metaspace       used 128280K, committed 130496K, reserved 1179648K
  class space    used 17368K, committed 18496K, reserved 1048576K
}
Event: 24.786 GC heap before
{Heap before GC invocations=53 (full 0):
 garbage-first heap   total 337920K, used 290222K [0x0000000080000000, 0x0000000100000000)
  region size 1024K, 108 young (110592K), 10 survivors (10240K)
 Metaspace       used 130560K, committed 132800K, reserved 1179648K
  class space    used 17644K, committed 18752K, reserved 1048576K
}
Event: 24.817 GC heap after
{Heap after GC invocations=54 (full 0):
 garbage-first heap   total 337920K, used 213504K [0x0000000080000000, 0x0000000100000000)
  region size 1024K, 14 young (14336K), 14 survivors (14336K)
 Metaspace       used 130560K, committed 132800K, reserved 1179648K
  class space    used 17644K, committed 18752K, reserved 1048576K
}
Event: 25.188 GC heap before
{Heap before GC invocations=54 (full 0):
 garbage-first heap   total 337920K, used 292352K [0x0000000080000000, 0x0000000100000000)
  region size 1024K, 91 young (93184K), 14 survivors (14336K)
 Metaspace       used 130797K, committed 133056K, reserved 1179648K
  class space    used 17677K, committed 18816K, reserved 1048576K
}
Event: 25.214 GC heap after
{Heap after GC invocations=55 (full 0):
 garbage-first heap   total 337920K, used 229376K [0x0000000080000000, 0x0000000100000000)
  region size 1024K, 12 young (12288K), 12 survivors (12288K)
 Metaspace       used 130797K, committed 133056K, reserved 1179648K
  class space    used 17677K, committed 18816K, reserved 1048576K
}
Event: 25.606 GC heap before
{Heap before GC invocations=55 (full 0):
 garbage-first heap   total 337920K, used 301056K [0x0000000080000000, 0x0000000100000000)
  region size 1024K, 82 young (83968K), 12 survivors (12288K)
 Metaspace       used 132135K, committed 134336K, reserved 1179648K
  class space    used 17899K, committed 19008K, reserved 1048576K
}
Event: 25.635 GC heap after
{Heap after GC invocations=56 (full 0):
 garbage-first heap   total 337920K, used 243200K [0x0000000080000000, 0x0000000100000000)
  region size 1024K, 11 young (11264K), 11 survivors (11264K)
 Metaspace       used 132135K, committed 134336K, reserved 1179648K
  class space    used 17899K, committed 19008K, reserved 1048576K
}
Event: 27.328 GC heap before
{Heap before GC invocations=57 (full 0):
 garbage-first heap   total 406528K, used 304640K [0x0000000080000000, 0x0000000100000000)
  region size 1024K, 71 young (72704K), 11 survivors (11264K)
 Metaspace       used 136036K, committed 138368K, reserved 1179648K
  class space    used 18414K, committed 19584K, reserved 1048576K
}
Event: 27.340 GC heap after
{Heap after GC invocations=58 (full 0):
 garbage-first heap   total 406528K, used 246784K [0x0000000080000000, 0x0000000100000000)
  region size 1024K, 3 young (3072K), 3 survivors (3072K)
 Metaspace       used 136036K, committed 138368K, reserved 1179648K
  class space    used 18414K, committed 19584K, reserved 1048576K
}
Event: 28.590 GC heap before
{Heap before GC invocations=58 (full 0):
 garbage-first heap   total 406528K, used 356352K [0x0000000080000000, 0x0000000100000000)
  region size 1024K, 110 young (112640K), 3 survivors (3072K)
 Metaspace       used 137007K, committed 139328K, reserved 1179648K
  class space    used 18500K, committed 19712K, reserved 1048576K
}
Event: 28.594 GC heap after
{Heap after GC invocations=59 (full 0):
 garbage-first heap   total 406528K, used 244655K [0x0000000080000000, 0x0000000100000000)
  region size 1024K, 2 young (2048K), 2 survivors (2048K)
 Metaspace       used 137007K, committed 139328K, reserved 1179648K
  class space    used 18500K, committed 19712K, reserved 1048576K
}

