# JRE version: OpenJDK Runtime Environment (21.0.6) (build 21.0.6+-13355223-b631.42)
# Java VM: OpenJDK 64-Bit Server VM (21.0.6+-13355223-b631.42, mixed mode, tiered, compressed oops, compressed class ptrs, g1 gc, windows-amd64)
GC Precious Log:
 CardTable entry size: 512
 Card Set container configuration: InlinePtr #cards 5 size 8 Array Of Cards #cards 12 size 40 Howl #buckets 4 coarsen threshold 1843 Howl Bitmap #cards 512 size 80 coarsen threshold 460 Card regions per heap region 1 cards per card region 2048
 CPUs: 4 total, 4 available
 Memory: 7549M
 Large Page Support: Disabled
 NUMA Support: Disabled
 Compressed Oops: Enabled (32-bit)
 Heap Region Size: 1M
 Heap Min Capacity: 8M
 Heap Initial Capacity: 118M
 Heap Max Capacity: 2G
 Pre-touch: Disabled
 Parallel Workers: 4
 Concurrent Workers: 1
 Concurrent Refinement Workers: 4
 Periodic GC: Disabled
Heap:
 garbage-first heap   total 203776K, used 131227K [0x0000000080000000, 0x0000000100000000)
  region size 1024K, 5 young (5120K), 5 survivors (5120K)
 Metaspace       used 99680K, committed 101760K, reserved 1179648K
  class space    used 13289K, committed 14336K, reserved 1048576K
GC Heap History (20 events):
Event: 8.274 GC heap after
{Heap after GC invocations=27 (full 0):
 garbage-first heap   total 133120K, used 85694K [0x0000000080000000, 0x0000000100000000)
  region size 1024K, 6 young (6144K), 6 survivors (6144K)
 Metaspace       used 72964K, committed 74816K, reserved 1114112K
  class space    used 9925K, committed 10880K, reserved 1048576K
}
Event: 8.600 GC heap before
{Heap before GC invocations=27 (full 0):
 garbage-first heap   total 133120K, used 119486K [0x0000000080000000, 0x0000000100000000)
  region size 1024K, 39 young (39936K), 6 survivors (6144K)
 Metaspace       used 73212K, committed 75072K, reserved 1114112K
  class space    used 9925K, committed 10880K, reserved 1048576K
}
Event: 8.606 GC heap after
{Heap after GC invocations=28 (full 0):
 garbage-first heap   total 159744K, used 88208K [0x0000000080000000, 0x0000000100000000)
  region size 1024K, 4 young (4096K), 4 survivors (4096K)
 Metaspace       used 73212K, committed 75072K, reserved 1114112K
  class space    used 9925K, committed 10880K, reserved 1048576K
}
Event: 8.995 GC heap before
{Heap before GC invocations=29 (full 0):
 garbage-first heap   total 159744K, used 142480K [0x0000000080000000, 0x0000000100000000)
  region size 1024K, 58 young (59392K), 4 survivors (4096K)
 Metaspace       used 73217K, committed 75072K, reserved 1114112K
  class space    used 9926K, committed 10880K, reserved 1048576K
}
Event: 9.000 GC heap after
{Heap after GC invocations=30 (full 0):
 garbage-first heap   total 159744K, used 89684K [0x0000000080000000, 0x0000000100000000)
  region size 1024K, 5 young (5120K), 5 survivors (5120K)
 Metaspace       used 73217K, committed 75072K, reserved 1114112K
  class space    used 9926K, committed 10880K, reserved 1048576K
}
Event: 9.650 GC heap before
{Heap before GC invocations=30 (full 0):
 garbage-first heap   total 159744K, used 158292K [0x0000000080000000, 0x0000000100000000)
  region size 1024K, 59 young (60416K), 5 survivors (5120K)
 Metaspace       used 74936K, committed 76800K, reserved 1179648K
  class space    used 10137K, committed 11072K, reserved 1048576K
}
Event: 9.660 GC heap after
{Heap after GC invocations=31 (full 0):
 garbage-first heap   total 174080K, used 109168K [0x0000000080000000, 0x0000000100000000)
  region size 1024K, 8 young (8192K), 8 survivors (8192K)
 Metaspace       used 74936K, committed 76800K, reserved 1179648K
  class space    used 10137K, committed 11072K, reserved 1048576K
}
Event: 10.198 GC heap before
{Heap before GC invocations=31 (full 0):
 garbage-first heap   total 174080K, used 155248K [0x0000000080000000, 0x0000000100000000)
  region size 1024K, 53 young (54272K), 8 survivors (8192K)
 Metaspace       used 79521K, committed 81408K, reserved 1179648K
  class space    used 10622K, committed 11584K, reserved 1048576K
}
Event: 10.203 GC heap after
{Heap after GC invocations=32 (full 0):
 garbage-first heap   total 174080K, used 111105K [0x0000000080000000, 0x0000000100000000)
  region size 1024K, 2 young (2048K), 2 survivors (2048K)
 Metaspace       used 79521K, committed 81408K, reserved 1179648K
  class space    used 10622K, committed 11584K, reserved 1048576K
}
Event: 10.747 GC heap before
{Heap before GC invocations=33 (full 0):
 garbage-first heap   total 186368K, used 159233K [0x0000000080000000, 0x0000000100000000)
  region size 1024K, 48 young (49152K), 2 survivors (2048K)
 Metaspace       used 84706K, committed 86656K, reserved 1179648K
  class space    used 11300K, committed 12288K, reserved 1048576K
}
Event: 10.752 GC heap after
{Heap after GC invocations=34 (full 0):
 garbage-first heap   total 186368K, used 116698K [0x0000000080000000, 0x0000000100000000)
  region size 1024K, 6 young (6144K), 6 survivors (6144K)
 Metaspace       used 84706K, committed 86656K, reserved 1179648K
  class space    used 11300K, committed 12288K, reserved 1048576K
}
Event: 11.261 GC heap before
{Heap before GC invocations=34 (full 0):
 garbage-first heap   total 186368K, used 173018K [0x0000000080000000, 0x0000000100000000)
  region size 1024K, 58 young (59392K), 6 survivors (6144K)
 Metaspace       used 88091K, committed 90048K, reserved 1179648K
  class space    used 11748K, committed 12736K, reserved 1048576K
}
Event: 11.267 GC heap after
{Heap after GC invocations=35 (full 0):
 garbage-first heap   total 186368K, used 118846K [0x0000000080000000, 0x0000000100000000)
  region size 1024K, 4 young (4096K), 4 survivors (4096K)
 Metaspace       used 88091K, committed 90048K, reserved 1179648K
  class space    used 11748K, committed 12736K, reserved 1048576K
}
Event: 11.912 GC heap before
{Heap before GC invocations=35 (full 0):
 garbage-first heap   total 186368K, used 171070K [0x0000000080000000, 0x0000000100000000)
  region size 1024K, 55 young (56320K), 4 survivors (4096K)
 Metaspace       used 93500K, committed 95552K, reserved 1179648K
  class space    used 12440K, committed 13440K, reserved 1048576K
}
Event: 11.917 GC heap after
{Heap after GC invocations=36 (full 0):
 garbage-first heap   total 186368K, used 121665K [0x0000000080000000, 0x0000000100000000)
  region size 1024K, 6 young (6144K), 6 survivors (6144K)
 Metaspace       used 93500K, committed 95552K, reserved 1179648K
  class space    used 12440K, committed 13440K, reserved 1048576K
}
Event: 12.440 GC heap before
{Heap before GC invocations=37 (full 0):
 garbage-first heap   total 203776K, used 171841K [0x0000000080000000, 0x0000000100000000)
  region size 1024K, 52 young (53248K), 6 survivors (6144K)
 Metaspace       used 96218K, committed 98240K, reserved 1179648K
  class space    used 12826K, committed 13824K, reserved 1048576K
}
Event: 12.446 GC heap after
{Heap after GC invocations=38 (full 0):
 garbage-first heap   total 203776K, used 128381K [0x0000000080000000, 0x0000000100000000)
  region size 1024K, 7 young (7168K), 7 survivors (7168K)
 Metaspace       used 96218K, committed 98240K, reserved 1179648K
  class space    used 12826K, committed 13824K, reserved 1048576K
}
Event: 12.952 GC heap before
{Heap before GC invocations=38 (full 0):
 garbage-first heap   total 203776K, used 184701K [0x0000000080000000, 0x0000000100000000)
  region size 1024K, 62 young (63488K), 7 survivors (7168K)
 Metaspace       used 99514K, committed 101632K, reserved 1179648K
  class space    used 13270K, committed 14336K, reserved 1048576K
}
Event: 12.961 GC heap after
{Heap after GC invocations=39 (full 0):
 garbage-first heap   total 203776K, used 130721K [0x0000000080000000, 0x0000000100000000)
  region size 1024K, 8 young (8192K), 8 survivors (8192K)
 Metaspace       used 99514K, committed 101632K, reserved 1179648K
  class space    used 13270K, committed 14336K, reserved 1048576K
}
Event: 12.993 GC heap before
{Heap before GC invocations=39 (full 0):
 garbage-first heap   total 203776K, used 132769K [0x0000000080000000, 0x0000000100000000)
  region size 1024K, 11 young (11264K), 8 survivors (8192K)
 Metaspace       used 99680K, committed 101760K, reserved 1179648K
  class space    used 13289K, committed 14336K, reserved 1048576K
}

